2019-10-07 11:12:48 [scrapy] DEBUG: Crawled (404) <GET http://books.toscrape.com/robots.txt> (referer: None)
2019-10-07 11:12:48 [scrapy] DEBUG: Crawled (200) <GET http://books.toscrape.com/catalogue/page-1.html> (referer: None)
2019-10-07 11:12:48 [scrapy] DEBUG: Scraped from <200 http://books.toscrape.com/catalogue/page-1.html>
{'Title': 'A Light in the Attic', 'Price': '£51.77', 'Stock': 'In stock', 'Star': 3}
2019-10-07 11:12:48 [scrapy] DEBUG: Scraped from <200 http://books.toscrape.com/catalogue/page-1.html>
{'Title': 'Tipping the Velvet', 'Price': '£53.74', 'Stock': 'In stock', 'Star': 1}
2019-10-07 11:12:48 [scrapy] DEBUG: Scraped from <200 http://books.toscrape.com/catalogue/page-1.html>
{'Title': 'Soumission', 'Price': '£50.10', 'Stock': 'In stock', 'Star': 1}
2019-10-07 11:12:48 [scrapy] DEBUG: Scraped from <200 http://books.toscrape.com/catalogue/page-1.html>
{'Title': 'Sharp Objects', 'Price': '£47.82', 'Stock': 'In stock', 'Star': 4}
2019-10-07 11:12:48 [scrapy] DEBUG: Scraped from <200 http://books.toscrape.com/catalogue/page-1.html>
{'Title': 'Sapiens: A Brief History of Humankind', 'Price': '£54.23', 'Stock': 'In stock', 'Star': 5}
2019-10-07 11:12:48 [scrapy] DEBUG: Scraped from <200 http://books.toscrape.com/catalogue/page-1.html>
{'Title': 'The Requiem Red', 'Price': '£22.65', 'Stock': 'In stock', 'Star': 1}
2019-10-07 11:12:48 [scrapy] DEBUG: Scraped from <200 http://books.toscrape.com/catalogue/page-1.html>
{'Title': 'The Dirty Little Secrets of Getting Your Dream Job', 'Price': '£33.34', 'Stock': 'In stock', 'Star': 4}
2019-10-07 11:12:48 [scrapy] DEBUG: Scraped from <200 http://books.toscrape.com/catalogue/page-1.html>
{'Title': 'The Coming Woman: A Novel Based on the Life of the Infamous Feminist, Victoria Woodhull', 'Price': '£17.93', 'Stock': 'In stock', 'Star': 3}
2019-10-07 11:12:48 [scrapy] DEBUG: Scraped from <200 http://books.toscrape.com/catalogue/page-1.html>
{'Title': 'The Boys in the Boat: Nine Americans and Their Epic Quest for Gold at the 1936 Berlin Olympics', 'Price': '£22.60', 'Stock': 'In stock', 'Star': 4}
2019-10-07 11:12:48 [scrapy] DEBUG: Scraped from <200 http://books.toscrape.com/catalogue/page-1.html>
{'Title': 'The Black Maria', 'Price': '£52.15', 'Stock': 'In stock', 'Star': 1}
2019-10-07 11:12:48 [scrapy] DEBUG: Scraped from <200 http://books.toscrape.com/catalogue/page-1.html>
{'Title': 'Starving Hearts (Triangular Trade Trilogy, #1)', 'Price': '£13.99', 'Stock': 'In stock', 'Star': 2}
2019-10-07 11:12:48 [scrapy] DEBUG: Scraped from <200 http://books.toscrape.com/catalogue/page-1.html>
{'Title': "Shakespeare's Sonnets", 'Price': '£20.66', 'Stock': 'In stock', 'Star': 4}
2019-10-07 11:12:48 [scrapy] DEBUG: Scraped from <200 http://books.toscrape.com/catalogue/page-1.html>
{'Title': 'Set Me Free', 'Price': '£17.46', 'Stock': 'In stock', 'Star': 5}
2019-10-07 11:12:48 [scrapy] DEBUG: Scraped from <200 http://books.toscrape.com/catalogue/page-1.html>
{'Title': "Scott Pilgrim's Precious Little Life (Scott Pilgrim #1)", 'Price': '£52.29', 'Stock': 'In stock', 'Star': 5}
2019-10-07 11:12:48 [scrapy] DEBUG: Scraped from <200 http://books.toscrape.com/catalogue/page-1.html>
{'Title': 'Rip it Up and Start Again', 'Price': '£35.02', 'Stock': 'In stock', 'Star': 5}
2019-10-07 11:12:48 [scrapy] DEBUG: Scraped from <200 http://books.toscrape.com/catalogue/page-1.html>
{'Title': 'Our Band Could Be Your Life: Scenes from the American Indie Underground, 1981-1991', 'Price': '£57.25', 'Stock': 'In stock', 'Star': 3}
2019-10-07 11:12:48 [scrapy] DEBUG: Scraped from <200 http://books.toscrape.com/catalogue/page-1.html>
{'Title': 'Olio', 'Price': '£23.88', 'Stock': 'In stock', 'Star': 1}
2019-10-07 11:12:48 [scrapy] DEBUG: Scraped from <200 http://books.toscrape.com/catalogue/page-1.html>
{'Title': 'Mesaerion: The Best Science Fiction Stories 1800-1849', 'Price': '£37.59', 'Stock': 'In stock', 'Star': 1}
2019-10-07 11:12:48 [scrapy] DEBUG: Scraped from <200 http://books.toscrape.com/catalogue/page-1.html>
{'Title': 'Libertarianism for Beginners', 'Price': '£51.33', 'Stock': 'In stock', 'Star': 2}
2019-10-07 11:12:48 [scrapy] DEBUG: Scraped from <200 http://books.toscrape.com/catalogue/page-1.html>
{'Title': "It's Only the Himalayas", 'Price': '£45.17', 'Stock': 'In stock', 'Star': 2}
2019-10-07 11:12:48 [scrapy] DEBUG: Crawled (200) <GET http://books.toscrape.com/catalogue/page-2.html> (referer: None)
2019-10-07 11:12:49 [scrapy] DEBUG: Scraped from <200 http://books.toscrape.com/catalogue/page-2.html>
{'Title': 'In Her Wake', 'Price': '£12.84', 'Stock': 'In stock', 'Star': 1}
2019-10-07 11:12:49 [scrapy] DEBUG: Scraped from <200 http://books.toscrape.com/catalogue/page-2.html>
{'Title': 'How Music Works', 'Price': '£37.32', 'Stock': 'In stock', 'Star': 2}
2019-10-07 11:12:49 [scrapy] DEBUG: Scraped from <200 http://books.toscrape.com/catalogue/page-2.html>
{'Title': 'Foolproof Preserving: A Guide to Small Batch Jams, Jellies, Pickles, Condiments, and More: A Foolproof Guide to Making Small Batch Jams, Jellies, Pickles, Condiments, and More', 'Price': '£30.52', 'Stock': 'In stock', 'Star': 3}
2019-10-07 11:12:49 [scrapy] DEBUG: Scraped from <200 http://books.toscrape.com/catalogue/page-2.html>
{'Title': 'Chase Me (Paris Nights #2)', 'Price': '£25.27', 'Stock': 'In stock', 'Star': 5}
2019-10-07 11:12:49 [scrapy] DEBUG: Scraped from <200 http://books.toscrape.com/catalogue/page-2.html>
{'Title': 'Black Dust', 'Price': '£34.53', 'Stock': 'In stock', 'Star': 5}
2019-10-07 11:12:49 [scrapy] DEBUG: Scraped from <200 http://books.toscrape.com/catalogue/page-2.html>
{'Title': 'Birdsong: A Story in Pictures', 'Price': '£54.64', 'Stock': 'In stock', 'Star': 3}
2019-10-07 11:12:49 [scrapy] DEBUG: Scraped from <200 http://books.toscrape.com/catalogue/page-2.html>
{'Title': "America's Cradle of Quarterbacks: Western Pennsylvania's Football Factory from Johnny Unitas to Joe Montana", 'Price': '£22.50', 'Stock': 'In stock', 'Star': 3}
2019-10-07 11:12:49 [scrapy] DEBUG: Scraped from <200 http://books.toscrape.com/catalogue/page-2.html>
{'Title': 'Aladdin and His Wonderful Lamp', 'Price': '£53.13', 'Stock': 'In stock', 'Star': 3}
2019-10-07 11:12:49 [scrapy] DEBUG: Scraped from <200 http://books.toscrape.com/catalogue/page-2.html>
{'Title': 'Worlds Elsewhere: Journeys Around Shakespeare’s Globe', 'Price': '£40.30', 'Stock': 'In stock', 'Star': 5}
2019-10-07 11:12:49 [scrapy] DEBUG: Scraped from <200 http://books.toscrape.com/catalogue/page-2.html>
{'Title': 'Wall and Piece', 'Price': '£44.18', 'Stock': 'In stock', 'Star': 4}
2019-10-07 11:12:49 [scrapy] DEBUG: Scraped from <200 http://books.toscrape.com/catalogue/page-2.html>
{'Title': 'The Four Agreements: A Practical Guide to Personal Freedom', 'Price': '£17.66', 'Stock': 'In stock', 'Star': 5}
2019-10-07 11:12:49 [scrapy] DEBUG: Scraped from <200 http://books.toscrape.com/catalogue/page-2.html>
{'Title': 'The Five Love Languages: How to Express Heartfelt Commitment to Your Mate', 'Price': '£31.05', 'Stock': 'In stock', 'Star': 3}
2019-10-07 11:12:49 [scrapy] DEBUG: Scraped from <200 http://books.toscrape.com/catalogue/page-2.html>
{'Title': 'The Elephant Tree', 'Price': '£23.82', 'Stock': 'In stock', 'Star': 5}
2019-10-07 11:12:49 [scrapy] DEBUG: Scraped from <200 http://books.toscrape.com/catalogue/page-2.html>
{'Title': 'The Bear and the Piano', 'Price': '£36.89', 'Stock': 'In stock', 'Star': 1}
2019-10-07 11:12:49 [scrapy] DEBUG: Scraped from <200 http://books.toscrape.com/catalogue/page-2.html>
{'Title': "Sophie's World", 'Price': '£15.94', 'Stock': 'In stock', 'Star': 5}
2019-10-07 11:12:49 [scrapy] DEBUG: Scraped from <200 http://books.toscrape.com/catalogue/page-2.html>
{'Title': 'Penny Maybe', 'Price': '£33.29', 'Stock': 'In stock', 'Star': 3}
2019-10-07 11:12:49 [scrapy] DEBUG: Scraped from <200 http://books.toscrape.com/catalogue/page-2.html>
{'Title': 'Maude (1883-1993):She Grew Up with the country', 'Price': '£18.02', 'Stock': 'In stock', 'Star': 2}
2019-10-07 11:12:49 [scrapy] DEBUG: Scraped from <200 http://books.toscrape.com/catalogue/page-2.html>
{'Title': 'In a Dark, Dark Wood', 'Price': '£19.63', 'Stock': 'In stock', 'Star': 1}
2019-10-07 11:12:49 [scrapy] DEBUG: Scraped from <200 http://books.toscrape.com/catalogue/page-2.html>
{'Title': 'Behind Closed Doors', 'Price': '£52.22', 'Stock': 'In stock', 'Star': 4}
2019-10-07 11:12:49 [scrapy] DEBUG: Scraped from <200 http://books.toscrape.com/catalogue/page-2.html>
{'Title': "You can't bury them all: Poems", 'Price': '£33.63', 'Stock': 'In stock', 'Star': 2}
2019-10-07 11:12:49 [scrapy] INFO: Closing spider (finished)
2019-10-07 11:12:49 [scrapy] INFO: Dumping Scrapy stats:
{'downloader/request_bytes': 703,
 'downloader/request_count': 3,
 'downloader/request_method_count/GET': 3,
 'downloader/response_bytes': 12169,
 'downloader/response_count': 3,
 'downloader/response_status_count/200': 2,
 'downloader/response_status_count/404': 1,
 'elapsed_time_seconds': 0.743234,
 'finish_reason': 'finished',
 'finish_time': datetime.datetime(2019, 10, 7, 15, 12, 49, 58166),
 'item_scraped_count': 40,
 'log_count/DEBUG': 43,
 'log_count/INFO': 7,
 'memusage/max': 96309248,
 'memusage/startup': 96309248,
 'response_received_count': 3,
 'robotstxt/request_count': 1,
 'robotstxt/response_count': 1,
 'robotstxt/response_status_count/404': 1,
 'scheduler/dequeued': 2,
 'scheduler/dequeued/memory': 2,
 'scheduler/enqueued': 2,
 'scheduler/enqueued/memory': 2,
 'start_time': datetime.datetime(2019, 10, 7, 15, 12, 48, 314932)}
2019-10-07 11:12:49 [scrapy] INFO: Spider closed (finished)
